<application>
  <component name="AppStorage">
    <option name="newTranslationDialogWidth" value="596" />
    <option name="newTranslationDialogX" value="815" />
    <option name="newTranslationDialogY" value="451" />
    <option name="pinTranslationDialog" value="true" />
    <histories>
      <item value="0" />
      <item value="event Notification" />
      <item value="invalid characters encountered in Hex string" />
      <item value="the cipher to used for encrypting the message" />
      <item value="the key derivation function used for byte generation" />
      <item value="the key agreement used as the basis for the encryption" />
      <item value="Derive shared secret" />
      <item value="encoding and derivation parameters, may be wrapped to include an IV for an underlying block cipher." />
      <item value="the recipient'ssender's public key parameters" />
      <item value="our private key parameters" />
      <item value="whether or not this is encryptiondecryption." />
      <item value="WHETHER OR NOT THIS IS ENCRYPTIONDECRYPTION." />
      <item value="set up for use in conjunction with a block cipher to handle the message." />
      <item value="this produces ciphertext that can be decrypted by calling" />
      <item value="UNCOMPRESSED" />
      <item value="If the standard transaction was successful, the owner device shall send an asynchronous message to register the owner key to the KTS. Key registration is optional for the vehicle. If the vehicle attempts to register the key as well, a race condition may occur. Thus, key registration by vehicle is not recommended. Note: When the standard transaction fails, the device shall not send a key tracking request to the server. The data elements listed in Table 6-2 shall be sent to the KTS by the device" />
      <item value="This is a generic API offered by the Vehicle OEM Server to track a Digital Key. This API should have idempotent behavior. If trackKey is called for a keyID that is already registered, the API call shall be successful and return with a usual response. This API is used in owner pairing and key sharing as described in Section 6.3.4.4 and Section 11.8.5, respectively." />
      <item value="identifies version 0 of the scrypt format, using a 128-bit salt and 256-bit derived key." />
      <item value="Simple {@link SCrypt} interface for hashing passwords using the &lt;a href=&quot;http:www.tarsnap.comscrypt.html&quot;&gt;scrypt&lt;a&gt; key derivation function and comparing a plain text password to a hashed one. The hashed output is an extended implementation of the Modular Crypt Format that also includes the scrypt algorithm parameters." />
      <item value="Simple {@link SCrypt} interface for hashing passwords using the &lt;a href=&quot;http:www.tarsnap.comscrypt.html&quot;&gt;scrypt&lt;a&gt; key derivation function and comparing a plain text password to a hashed one. The hashed output is an extended implementation of the Modular Crypt Format that also includes the scrypt algorithm parameters. Format: &lt;code&gt;s0PARAMSSALTKEY&lt;code&gt;. &lt;dl&gt; &lt;dd&gt;PARAMS&lt;dd&gt;&lt;dt&gt;32-bit hex integer containing log2(N) (16 bits), r (8 bits), and p (8 bits)&lt;dt&gt; &lt;dd&gt;SALT&lt;dd&gt;&lt;dt&gt;base64-encoded salt&lt;dt&gt; &lt;dd&gt;KEY&lt;dd&gt;&lt;dt&gt;base64-encoded derived key&lt;dt&gt; &lt;dl&gt; &lt;code&gt;s0&lt;code&gt; identifies version 0 of the scrypt format, using a 128-bit salt and 256-bit derived key. @author Will Glozer" />
      <item value="04 D 50 BF 8037 F 149 DB 961 D 0 D 3 CB 7 ADB 262 D 67 FACCFBD 600 B 7 EB 07494 B 10 E 4668748 DA 1 D 6 F 29010 FCE 44 F 8 D 1 BE 0 B 174 AA 80 C 266 C 91 A 4287 E 0 D 3 FB 692591808 A 8 CD 24" />
      <item value="This does nothing (except returning null), because either: 1. the implementation object returned by getInstance() is an instance of KeyPairGenerator which has its own implementation of generateKeyPair (overriding this one), so the application would be calling that method directly, or 2. the implementation returned by getInstance() is an instance of Delegate, in which case generateKeyPair is overridden to invoke the corresponding SPI method. (This is a special case, because in JDK 1.1.x the generateKeyPair method was used both as an API and a SPI method.) return null;" />
      <item value="4738 E 61360 B 79 FD 6 B 8 B 18 C 2496064 F 1 E 9 B 7 DED 6 FB 3 CEEEB 144 A 7 C 8253 C 9 C 84 D 4" />
      <item value="Returns the given number of seed bytes, computed using the seed generation algorithm that this class uses to seed itself. This call may be used to seed other random number generators. Params: numBytes – the number of seed bytes to generate. Returns: the seed bytes." />
      <item value="Decrypts given ciphertext with given private key" />
      <item value="Encrypts given message with given public key" />
      <item value="Generates new key pair consists of {@link ECPublicKey} and {@link ECPrivateKey}" />
      <item value="Encrypts given message with given public key in hex" />
      <item value="Generates new key pair consists of" />
      <item value="成败标识" />
      <item value="操作类型" />
      <item value="分表" />
      <item value="Annotation-specified bean name 'myBlockHandler' for bean class [com.vecentek.handler.MyBlockHandler] conflicts with existing, non-compatible bean definition of same name and class" />
      <item value="Error querying database. Cause: java.util.NoSuchElementException The error may exist in comvecentekbackmapperDomeMapper.java (best guess) The error may involve defaultParameterMap The error occurred while setting parameters SQL: SELECT id,create_id,create_date,update_id,u" />
      <item value="The error occurred while setting parameters" />
      <item value="RECORD CONTENT" />
      <item value="Caused by: com.mysql.cj.exceptions.WrongArgumentException: The database URL cannot be null. at sun.reflect.NativeConstructorAccessorImpl.newInstance0(Native Method) ~[na:1.8.0_201] at sun.reflect.NativeConstructorAccessorImpl.newInstance(NativeConstructorAccessorImpl.java:62) ~[na:1.8.0_201] at sun.reflect.DelegatingConstructorAccessorImpl.newInstance(DelegatingConstructorAccessorImpl.java:45) ~[na:1.8.0_201] at java.lang.reflect.Constructor.newInstance(Constructor.java:423) ~[na:1.8.0_201] at com.mysql.cj.exceptions.ExceptionFactory.createException(ExceptionFactory.java:61) ~[mysql-connector-java-8.0.21.jar:8.0.21] at com.mysql.cj.conf.ConnectionUrlParser.isConnectionStringSupported(ConnectionUrlParser.java:149) ~[mysql-connector-java-8.0.21.jar:8.0.21] at com.mysql.cj.conf.ConnectionUrl.acceptsUrl(ConnectionUrl.java:317) ~[mysql-connector-java-8.0.21.jar:8.0.21] at com.mysql.cj.jdbc.NonRegisteringDriver.connect(NonRegisteringDriver.java:185) ~[mysql-connector-java-8.0.21.jar:8.0.21]" />
      <item value="The server time zone value '�й���׼ʱ��' is unrecognized or represents more than one time zone. You must configure either the server or JDBC driver (via the 'serverTimezone' configuration property) to use a more specifc time zone value if you want to utilize time zone support. at sun.reflect.NativeConstructorAccessorImpl.newInstance0(Native Method) at sun.reflect.NativeConstructorAccessorImpl.newInstance(NativeConstructorAccessorImpl.java:62) at sun.reflect.DelegatingConstructorAccessorImpl.newInstance(DelegatingConstructorAccessorImpl.java:45) at java.lang.reflect.Constructor.newInstance(Constructor.java:423)" />
      <item value=": Could not create connection to database server. Attempted reconnect 3 times. Giving up." />
      <item value="This pull request has conflicts. You must resolve the conflicts by manually merging master into this branch. After the conflicts are resolved you will be able to merge the pull request. Step 1: Checkout the source branch and merge in the changes from the target branch. Resolve conflicts. git checkout liu git pull origin master Step 2: After the merge conflicts are resolved, stage the changes accordingly, commit the changes and push. git commit git push origin HEAD Step 3: Merge the updated pull request." />
      <item value="D:\env\bin\java.exe -Dmaven.multiModuleProjectDirectory=D:\worksapce\dks_back &quot;-Dmaven.home=D:\IntelliJ IDEA 2021.1.2\plugins\maven\lib\maven3&quot; &quot;-Dclassworlds.conf=D:\IntelliJ IDEA 2021.1.2\plugins\maven\lib\maven3\bin\m2.conf&quot; &quot;-Dmaven.ext.class.path=D:\IntelliJ IDEA 2021.1.2\plugins\maven\lib\maven-event-listener.jar&quot; &quot;-javaagent:D:\IntelliJ IDEA 2021.1.2\lib\idea_rt.jar=56088:D:\IntelliJ IDEA 2021.1.2\bin&quot; -Dfile.encoding=UTF-8 -classpath &quot;D:\IntelliJ IDEA 2021.1.2\plugins\maven\lib\maven3\boot\plexus-classworlds-2.6.0.jar;D:\IntelliJ IDEA 2021.1.2\plugins\maven\lib\maven3\boot\plexus-classworlds.license&quot; org.codehaus.classworlds.Launcher -Didea.version=2021.1.2 -s D:\maven\apache-maven-3.8.6\conf\settings.xml -Dmaven.repo.local=D:\repository clean [INFO] Scanning for projects... [ERROR] [ERROR] Some problems were encountered while processing the POMs: [FATAL] Non-parseable POM D:\worksapce\dks_back\pom.xml: expected START_TAG or END_TAG not TEXT (position: TEXT seen ...&lt;dependency&gt;\r\n\r\n\r\n-\r\n &lt;... @173:7) @ line 173, column 7 @ [ERROR] The build could not read 1 project -&gt; [Help 1] [ERROR] [ERROR] The project (D:\worksapce\dks_back\pom.xml) has 1 error [ERROR] Non-parseable POM D:\worksapce\dks_back\pom.xml: expected START_TAG or END_TAG not TEXT (position: TEXT seen ...&lt;dependency&gt;\r\n\r\n\r\n-\r\n &lt;... @173:7) @ line 173, column 7 -&gt; [Help 2] [ERROR] [ERROR] To see the full stack trace of the errors, re-run Maven with the -e switch. [ERROR] Re-run Maven using the -X switch to enable full debug logging. [ERROR] [ERROR] For more information about the errors and possible solutions, please read the following a" />
      <item value="Transfer" />
      <item value="[INFO] Scanning for projects... [ERROR] [ERROR] Some problems were encountered while processing the POMs: [ERROR] 'dependencyManagement.dependencies.dependency.artifactId' for org.apache.shardingsphere:shardingsphere‐jdbc‐core‐spring‐boot‐starter:jar with value 'shardingsphere‐jdbc‐core‐spring‐boot‐starter' does not match a valid id pattern. @ line 43, column 30" />
      <item value="java.lang.IllegalArgumentException: ShardingSphere rule configuration cannot be null or empty." />
      <item value="Injection of resource dependencies failed; nested exception is org.springframework.beans.factory.UnsatisfiedDependencyException: Error creating bean with name 'dkmAdminMapper' defined in file [D:\worksapce\dks_back\target\classes\com\vecentek\back\mapper\DkmAdminMapper.class]: Unsatisfied dependency expressed through bean property 'sqlSessionFactory'; nested exception is org.springframework.beans.factory.UnsatisfiedDependencyException: Error creating bean with name 'sqlSessionFactory' defined in class path resource [combaomidoumybatisplusautoconfigureMybatisPlusAutoConfiguration.class]: Unsatisfied dependency expressed through method 'sqlSessionFactory' parameter 0; nested exception is org.springframework.beans.factory.BeanCreationException: Error creating bean with name 'shardingSphereDataSource' defined in class path resource [orgapacheshardingspherespringbootShardingSphereAutoConfiguration.class]: Bean instantiation via factory method failed; nested exception is org.springframework.beans.BeanInstantiationException: Failed to instantiate [javax.sql.DataSource]: Factory method 'shardingSphereDataSource' threw exception; nested exceptio" />
      <item value="Could not transfer artifact org.apache.shardingsphere:shardingsphere-jdbc-core:pom:5.0.0 fromto nexus-aliyun" />
      <item value="吊销" />
      <item value="过期" />
      <item value="freeze" />
      <item value="冻结" />
    </histories>
    <option name="languageScores">
      <map>
        <entry key="CHINESE" value="74" />
        <entry key="ENGLISH" value="75" />
      </map>
    </option>
  </component>
  <component name="Cache">
    <option name="lastTrimTime" value="1663555397950" />
  </component>
  <component name="Settings">
    <option name="translateDocumentation" value="true" />
    <option name="translator" value="YOUDAO" />
    <option name="youdaoTranslateSettings">
      <youdao-translate>
        <option name="appId" value="sauzeyu@163.com" />
      </youdao-translate>
    </option>
  </component>
  <component name="Translation.Cache">
    <option name="lastTrimTime" value="1681725649050" />
  </component>
  <component name="Translation.Settings">
    <option name="primaryLanguage" value="CHINESE" />
    <option name="translator" value="MICROSOFT" />
  </component>
  <component name="Translation.States">
    <option name="newTranslationDialogHeight" value="567" />
    <option name="newTranslationDialogWidth" value="1103" />
    <option name="newTranslationDialogX" value="754" />
    <option name="newTranslationDialogY" value="286" />
    <histories>
      <item value="Create a new MockMultipartFile with the given content. Params: name – the name of the file content – the content of the file" />
      <item value="If you're unsure why you're getting above error read on. Due to the nature of the syntax above problem might occur because: 1. This exception might occur in wrongly written multi-threaded tests. Please refer to Mockito FAQ on limitations of concurrency testing. 2. A spy is stubbed using when(spy.foo()).then() syntax. It is safer to stub spies - - with doReturn|Throw() family of methods. More in javadocs for Mockito.spy() method." />
      <item value="equals Regarding Null" />
      <item value="500" />
      <item value="&#10;org.mockito.exceptions.misusing.WrongTypeOfReturnValue: &#10;PageResp cannot be returned by toString()&#10;toString() should return String&#10;***&#10;If you're unsure why you're getting above error read on.&#10;Due to the nature of the syntax above problem might occur because:&#10;1. This exception *might* occur in wrongly written multi-threaded tests.&#10;   Please refer to Mockito FAQ on limitations of concurrency testing.&#10;2. A spy is stubbed using when(spy.foo()).then() syntax. It is safer to stub spies - &#10;   - with doReturn|Throw() family of methods. More in javadocs for Mockito.spy() method.&#10;&#10;&#10;&#9;at com.vecentek.back.controller.DkmAftermarketReplacementControllerTest.testSelectForPage(DkmAftermarketReplacementControllerTest.java:40)&#10;&#9;at sun.reflect.NativeMethodAccessorImpl.invoke0(Native Method)&#10;&#9;at sun.reflect.NativeMethodAccessorImpl.invoke(NativeMethodAccessorImpl.java:62)&#10;&#9;at sun.reflect.DelegatingMethodAccessorImpl.invoke(DelegatingMethodAccessorImpl.java:43)&#10;&#9;at java.lang.reflect.Method.invoke(Method.java:498)&#10;&#9;at org.junit.platform.commons.util.ReflectionUtils.invokeMethod(ReflectionUtils.java:686)&#10;&#9;at org.junit.jupiter.engine.execution.MethodInvocation.proceed(MethodInvocation.java:60)&#10;&#9;at org.junit.jupiter.engine.execution.InvocationInterceptorChain$ValidatingInvocation.proceed(InvocationInterceptorChain.java:131)&#10;&#9;at org.junit.jupiter.engine.extension.TimeoutExtension.intercept(TimeoutExtension.java:149)&#10;&#9;at org.junit.jupiter.engine.extension.TimeoutExtension.interceptTestableMethod(TimeoutExtension.java:140)&#10;&#9;at org.junit.jupiter.engine.extension.TimeoutExtension.interceptTestMethod(TimeoutExtension.java:84)&#10;&#9;at org.junit.jupiter.engine.execution.ExecutableInvoker$ReflectiveInterceptorCall.lambda$ofVoidMethod$0(ExecutableInvoker.java:115)&#10;&#9;at org.junit.jupiter.engine.execution.ExecutableInvoker.lambda$invoke$0(ExecutableInvoker.java:105)&#10;&#9;at org.junit.jupiter.engine.execution.InvocationInterceptorChain$InterceptedInvocation.proceed(InvocationInterceptorChain.java:106)&#10;&#9;at org.junit.jupiter.engine.execution.InvocationInterceptorChain.proceed(InvocationInterceptorChain.java:64)&#10;&#9;at org.junit.jupiter.engine.execution.InvocationInterceptorChain.chainAndInvoke(InvocationInterceptorChain.java:45)&#10;&#9;at org.junit.jupiter.engine.execution.InvocationInterceptorChain.invoke(InvocationInterceptorChain.java:37)&#10;&#9;at org.junit.jupiter.engine.execution.ExecutableInvoker.invoke(ExecutableInvoker.java:104)&#10;&#9;at org.junit.jupiter.engine.execution.ExecutableInvoker.invoke(ExecutableInvoker.java:98)&#10;&#9;at org.junit.jupiter.engine.descriptor.TestMethodTestDescriptor.lambda$invokeTestMethod$6(TestMethodTestDescriptor.java:212)&#10;&#9;at org.junit.platform.engine.support.hierarchical.ThrowableCollector.execute(ThrowableCollector.java:73)&#10;&#9;at org.junit.jupiter.engine.descriptor.TestMethodTestDescriptor.invokeTestMethod(TestMethodTestDescriptor.java:208)&#10;&#9;at org.junit.jupiter.engine.descriptor.TestMethodTestDescriptor.execute(TestMethodTestDescriptor.java:137)&#10;&#9;at org.junit.jupiter.engine.descriptor.TestMethodTestDescriptor.execute(TestMethodTestDescriptor.java:71)&#10;&#9;at org.junit.platform.engine.support.hierarchical.NodeTestTask.lambda$executeRecursively$5(NodeTestTask.java:135)&#10;&#9;at org.junit.platform.engine.support.hierarchical.ThrowableCollector.execute(ThrowableCollector.java:73)&#10;&#9;at org.junit.platform.engine.support.hierarchical.NodeTestTask.lambda$executeRecursively$7(NodeTestTask.java:125)&#10;&#9;at org.junit.platform.engine.support.hierarchical.Node.around(Node.java:135)&#10;&#9;at org.junit.platform.engine.support.hierarchical.NodeTestTask.lambda$executeRecursively$8(NodeTestTask.java:123)&#10;&#9;at org.junit.platform.engine.support.hierarchical.ThrowableCollector.execute(ThrowableCollector.java:73)&#10;&#9;at org.junit.platform.engine.support.hierarchical.NodeTestTask.executeRecursively(NodeTestTask.java:122)&#10;&#9;at org.junit.platform.engine.support.hierarchical.NodeTestTask.execute(NodeTestTask.java:80)&#10;&#9;at java.util.ArrayList.forEach(ArrayList.java:1257)&#10;&#9;at org.junit.platform.engine.support.hierarchical.SameThreadHierarchicalTestExecutorService.invokeAll(SameThreadHierarchicalTestExecutorService.java:38)&#10;&#9;at org.junit.platform.engine.support.hierarchical.NodeTestTask.lambda$executeRecursively$5(NodeTestTask.java:139)&#10;&#9;at org.junit.platform.engine.support.hierarchical.ThrowableCollector.execute(ThrowableCollector.java:73)&#10;&#9;at org.junit.platform.engine.support.hierarchical.NodeTestTask.lambda$executeRecursively$7(NodeTestTask.java:125)&#10;&#9;at org.junit.platform.engine.support.hierarchical.Node.around(Node.java:135)&#10;&#9;at org.junit.platform.engine.support.hierarchical.NodeTestTask.lambda$executeRecursively$8(NodeTestTask.java:123)&#10;&#9;at org.junit.platform.engine.support.hierarchical.ThrowableCollector.execute(ThrowableCollector.java:73)&#10;&#9;at org.junit.platform.engine.support.hierarchical.NodeTestTask.executeRecursively(NodeTestTask.java:122)&#10;&#9;at org.junit.platform.engine.support.hierarchical.NodeTestTask.execute(NodeTestTask.java:80)&#10;&#9;at java.util.ArrayList.forEach(ArrayList.java:1257)&#10;&#9;at org.junit.platform.engine.support.hierarchical.SameThreadHierarchicalTestExecutorService.invokeAll(SameThreadHierarchicalTestExecutorService.java:38)&#10;&#9;at org.junit.platform.engine.support.hierarchical.NodeTestTask.lambda$executeRecursively$5(NodeTestTask.java:139)&#10;&#9;at org.junit.platform.engine.support.hierarchical.ThrowableCollector.execute(ThrowableCollector.java:73)&#10;&#9;at org.junit.platform.engine.support.hierarchical.NodeTestTask.lambda$executeRecursively$7(NodeTestTask.java:125)&#10;&#9;at org.junit.platform.engine.support.hierarchical.Node.around(Node.java:135)&#10;&#9;at org.junit.platform.engine.support.hierarchical.NodeTestTask.lambda$executeRecursively$8(NodeTestTask.java:123)&#10;&#9;at org.junit.platform.engine.support.hierarchical.ThrowableCollector.execute(ThrowableCollector.java:73)&#10;&#9;at org.junit.platform.engine.support.hierarchical.NodeTestTask.executeRecursively(NodeTestTask.java:122)&#10;&#9;at org.junit.platform.engine.support.hierarchical.NodeTestTask.execute(NodeTestTask.java:80)&#10;&#9;at org.junit.platform.engine.support.hierarchical.SameThreadHierarchicalTestExecutorService.submit(SameThreadHierarchicalTestExecutorService.java:32)&#10;&#9;at org.junit.platform.engine.support.hierarchical.HierarchicalTestExecutor.execute(HierarchicalTestExecutor.java:57)&#10;&#9;at org.junit.platform.engine.support.hierarchical.HierarchicalTestEngine.execute(HierarchicalTestEngine.java:51)&#10;&#9;at org.junit.platform.launcher.core.DefaultLauncher.execute(DefaultLauncher.java:248)&#10;&#9;at org.junit.platform.launcher.core.DefaultLauncher.lambda$execute$5(DefaultLauncher.java:211)&#10;&#9;at org.junit.platform.launcher.core.DefaultLauncher.withInterceptedStreams(DefaultLauncher.java:226)&#10;&#9;at org.junit.platform.launcher.core.DefaultLauncher.execute(DefaultLauncher.java:199)&#10;&#9;at org.junit.platform.launcher.core.DefaultLauncher.execute(DefaultLauncher.java:132)&#10;&#9;at com.intellij.junit5.JUnit5IdeaTestRunner.startRunnerWithArgs(JUnit5IdeaTestRunner.java:71)&#10;&#9;at com.intellij.rt.junit.IdeaTestRunner$Repeater.startRunnerWithArgs(IdeaTestRunner.java:33)&#10;&#9;at com.intellij.rt.junit.JUnitStarter.prepareStreamsAndStart(JUnitStarter.java:221)&#10;&#9;at com.intellij.rt.junit.JUnitStarter.main(JUnitStarter.java:54)&#10;&#10;" />
      <item value="原始" />
      <item value="row" />
      <item value="Define and throw a dedicated exception instead of using a generic one." />
      <item value="Unchecked assignment: 'java.util.HashSet' to 'java.util.Collection&lt;java.lang.Object&gt;'" />
      <item value="Immediately return this expression instead of assigning it to the temporary variable &quot;subTableList&quot;." />
      <item value="Raw use of parameterized class 'Range'" />
      <item value="Add a nested comment explaining why this method is empty, throw an UnsupportedOperationException or complete the implementation." />
      <item value="Provide the parametrized type for this generic." />
      <item value="Field can be converted to a local variable" />
      <item value="百分比" />
      <item value="bai'fen'b" />
      <item value="bai'fen" />
      <item value="pai" />
      <item value="pa'r" />
      <item value="pa'r'bai'f" />
      <item value="数据库前缀" />
      <item value="shu'ju'k" />
      <item value="三个月之前" />
      <item value="归属" />
      <item value="gui'shu" />
      <item value="g" />
      <item value="gu" />
      <item value="功能异常" />
      <item value="功能异常I" />
      <item value="异常" />
      <item value="yi'cha" />
      <item value="invalid method reference&#10;  cannot find symbol" />
      <item value="DateUtil' is already defined in this compilation unit" />
      <item value="解决方案" />
      <item value="故障" />
      <item value="业务" />
      <item value="解析日志" />
      <item value="日志格式" />
      <item value="基础日志" />
      <item value="ji" />
      <item value="op Code" />
      <item value="keyid" />
      <item value="车控功能异常" />
      <item value="日志记录时间" />
      <item value="原始日志" />
      <item value="mei" />
      <item value="文档基本操作" />
      <item value="日志内容" />
      <item value="错误日志" />
      <item value="cuo" />
    </histories>
    <option name="languageScores">
      <map>
        <entry key="CHINESE" value="143" />
        <entry key="DUTCH" value="1" />
        <entry key="ENGLISH" value="130" />
      </map>
    </option>
  </component>
</application>